<?xml version="1.0" encoding="UTF-8"?>
<!-- Generated by org.testng.reporters.JUnitReportReporter -->
<testsuite hostname="SRINIVAS-PC" name="com.rl.selenium.AppTest" tests="10" failures="0" timestamp="23 Dec 2013 13:42:18 GMT" time="3.316" errors="0">
  <testcase name="TestproductList" time="0.070" classname="com.rl.selenium.AppTest"/>
  <testcase name="Testplaceorder" time="0.130" classname="com.rl.selenium.AppTest"/>
  <testcase name="Testcategorytwo" time="0.250" classname="com.rl.selenium.AppTest"/>
  <testcase name="Testlogin" time="2.248" classname="com.rl.selenium.AppTest"/>
  <testcase name="TestloginFailed" time="0.180" classname="com.rl.selenium.AppTest"/>
  <testcase name="Testlogout" time="0.040" classname="com.rl.selenium.AppTest"/>
  <testcase name="Testcontactus" time="0.130" classname="com.rl.selenium.AppTest"/>
  <testcase name="Testcategorythree" time="0.094" classname="com.rl.selenium.AppTest"/>
  <testcase name="TestcategoryOne" time="0.110" classname="com.rl.selenium.AppTest"/>
  <testcase name="Testcategoryfour" time="0.064" classname="com.rl.selenium.AppTest"/>
</testsuite>
